<?xml version="1.0" encoding="UTF-8"?>
<!-- Generated by org.testng.reporters.JUnitXMLReporter -->
<testsuite hostname="PDCDT01CH60WQ1" ignored="0" name="go"
	tests="1" failures="0" timestamp="2020-01-28T13:43:09 GMT" time="0.17"
	errors="0">
	<testcase name="@BeforeSuite tearup" time="-1.580218989635E9"
		classname="testbase.TestBase">
		<failure type="org.testng.TestNGException"
			message="
Can inject only one of &amp;lt;ITestContext, XmlTest&amp;gt; into a @BeforeSuite annotated tearup.
For more information on native dependency injection please refer to http://testng.org/doc/documentation-main.html#native-dependency-injection">
      <![CDATA[org.testng.TestNGException: 
Can inject only one of <ITestContext, XmlTest> into a @BeforeSuite annotated tearup.
For more information on native dependency injection please refer to http://testng.org/doc/documentation-main.html#native-dependency-injection
... Removed 16 stack frames]]>
		</failure>
	</testcase> <!-- @BeforeSuite tearup -->
	<testcase name="go" time="0.0"
		classname="testcases.Firstt_Test">
		<skipped />
	</testcase> <!-- go -->
</testsuite> <!-- go -->
